<?xml version="1.0" encoding="UTF-8"?>
<testng-results ignored="0" total="1" passed="1" failed="0" skipped="0">
  <reporter-output>
  </reporter-output>
  <suite started-at="2023-09-24T20:40:09 IST" name="Default suite" finished-at="2023-09-24T20:40:16 IST" duration-ms="6730">
    <groups>
    </groups>
    <test started-at="2023-09-24T20:40:09 IST" name="Default test" finished-at="2023-09-24T20:40:16 IST" duration-ms="6730">
      <class name="login.LoginToApp">
        <test-method is-config="true" signature="launchingBrowser()[pri:0, instance:login.LoginToApp@2a54a73f]" started-at="2023-09-24T20:40:09 IST" name="launchingBrowser" finished-at="2023-09-24T20:40:12 IST" duration-ms="2060" status="PASS">
          <reporter-output>
          </reporter-output>
        </test-method> <!-- launchingBrowser -->
        <test-method is-config="true" signature="navigateToApplication()[pri:0, instance:login.LoginToApp@2a54a73f]" started-at="2023-09-24T20:40:12 IST" name="navigateToApplication" finished-at="2023-09-24T20:40:14 IST" duration-ms="2386" status="PASS">
          <reporter-output>
          </reporter-output>
        </test-method> <!-- navigateToApplication -->
        <test-method signature="login()[pri:0, instance:login.LoginToApp@2a54a73f]" started-at="2023-09-24T20:40:14 IST" name="login" finished-at="2023-09-24T20:40:16 IST" duration-ms="2226" status="PASS">
          <reporter-output>
          </reporter-output>
        </test-method> <!-- login -->
        <test-method is-config="true" signature="loginToApplication()[pri:0, instance:login.LoginToApp@2a54a73f]" started-at="2023-09-24T20:40:16 IST" name="loginToApplication" finished-at="2023-09-24T20:40:16 IST" duration-ms="0" status="PASS">
          <reporter-output>
          </reporter-output>
        </test-method> <!-- loginToApplication -->
      </class> <!-- login.LoginToApp -->
    </test> <!-- Default test -->
  </suite> <!-- Default suite -->
</testng-results>
